2025-10-01 19:09:53,131 - EEG_AD_Detection - INFO - logger.py:97 - ============================================================
2025-10-01 19:09:53,131 - EEG_AD_Detection - INFO - logger.py:98 - SYSTEM INFORMATION
2025-10-01 19:09:53,131 - EEG_AD_Detection - INFO - logger.py:99 - ============================================================
2025-10-01 19:09:53,165 - EEG_AD_Detection - INFO - logger.py:100 - Platform: Windows-11-10.0.26100-SP0
2025-10-01 19:09:53,165 - EEG_AD_Detection - INFO - logger.py:101 - Python: 3.12.10
2025-10-01 19:09:53,165 - EEG_AD_Detection - INFO - logger.py:102 - PyTorch: 2.7.1+cpu
2025-10-01 19:09:53,165 - EEG_AD_Detection - INFO - logger.py:103 - CUDA Available: False
2025-10-01 19:09:53,165 - EEG_AD_Detection - INFO - logger.py:111 - RAM: 16.8 GB (Available: 5.1 GB)
2025-10-01 19:09:53,165 - EEG_AD_Detection - INFO - logger.py:112 - CPU Cores: 12 physical, 16 logical
2025-10-01 19:09:53,165 - EEG_AD_Detection - INFO - logger.py:113 - ============================================================
2025-10-01 19:09:53,165 - EEG_AD_Detection - INFO - logger.py:118 - ============================================================
2025-10-01 19:09:53,165 - EEG_AD_Detection - INFO - logger.py:119 - CONFIGURATION
2025-10-01 19:09:53,165 - EEG_AD_Detection - INFO - logger.py:120 - ============================================================
2025-10-01 19:09:53,165 - EEG_AD_Detection - INFO - logger.py:146 - 
Data Parameters:
2025-10-01 19:09:53,165 - EEG_AD_Detection - INFO - logger.py:150 -   RAW_DATA_DIR: C:\Users\tahle\OneDrive\Documents\SRM\AD project\EEG_data
2025-10-01 19:09:53,165 - EEG_AD_Detection - INFO - logger.py:150 -   SAMPLING_RATE: 128
2025-10-01 19:09:53,172 - EEG_AD_Detection - INFO - logger.py:150 -   LOWCUT: 0.5
2025-10-01 19:09:53,172 - EEG_AD_Detection - INFO - logger.py:150 -   HIGHCUT: 45.0
2025-10-01 19:09:53,172 - EEG_AD_Detection - INFO - logger.py:150 -   MIN_DURATION: 10.0
2025-10-01 19:09:53,172 - EEG_AD_Detection - INFO - logger.py:150 -   MAX_AMPLITUDE: 200.0
2025-10-01 19:09:53,172 - EEG_AD_Detection - INFO - logger.py:150 -   MIN_AMPLITUDE: -200.0
2025-10-01 19:09:53,172 - EEG_AD_Detection - INFO - logger.py:146 - 
Preprocessing:
2025-10-01 19:09:53,172 - EEG_AD_Detection - INFO - logger.py:150 -   EPOCH_DURATION: 5.0
2025-10-01 19:09:53,172 - EEG_AD_Detection - INFO - logger.py:150 -   EPOCH_OVERLAP: 0.5
2025-10-01 19:09:53,172 - EEG_AD_Detection - INFO - logger.py:150 -   MIN_EPOCHS_PER_SUBJECT: 2
2025-10-01 19:09:53,172 - EEG_AD_Detection - INFO - logger.py:146 - 
Features:
2025-10-01 19:09:53,172 - EEG_AD_Detection - INFO - logger.py:150 -   N_CHANNELS: 19
2025-10-01 19:09:53,172 - EEG_AD_Detection - INFO - logger.py:150 -   N_FREQ_BANDS: 5
2025-10-01 19:09:53,172 - EEG_AD_Detection - INFO - logger.py:150 -   N_PSD_FEATURES: 95
2025-10-01 19:09:53,172 - EEG_AD_Detection - INFO - logger.py:150 -   N_PLI_FEATURES: 171
2025-10-01 19:09:53,172 - EEG_AD_Detection - INFO - logger.py:150 -   TOTAL_FEATURES: 266
2025-10-01 19:09:53,172 - EEG_AD_Detection - INFO - logger.py:146 - 
Model Architecture:
2025-10-01 19:09:53,172 - EEG_AD_Detection - INFO - logger.py:150 -   SEQUENCE_LENGTH: 2
2025-10-01 19:09:53,172 - EEG_AD_Detection - INFO - logger.py:150 -   CNN_FILTERS: 64
2025-10-01 19:09:53,172 - EEG_AD_Detection - INFO - logger.py:150 -   CNN_KERNEL_SIZE: 3
2025-10-01 19:09:53,172 - EEG_AD_Detection - INFO - logger.py:150 -   LSTM_HIDDEN: 128
2025-10-01 19:09:53,175 - EEG_AD_Detection - INFO - logger.py:150 -   LSTM_LAYERS: 2
2025-10-01 19:09:53,175 - EEG_AD_Detection - INFO - logger.py:150 -   DROPOUT: 0.5
2025-10-01 19:09:53,175 - EEG_AD_Detection - INFO - logger.py:146 - 
Training:
2025-10-01 19:09:53,175 - EEG_AD_Detection - INFO - logger.py:150 -   BATCH_SIZE: 16
2025-10-01 19:09:53,175 - EEG_AD_Detection - INFO - logger.py:150 -   LEARNING_RATE: 0.001
2025-10-01 19:09:53,175 - EEG_AD_Detection - INFO - logger.py:150 -   NUM_EPOCHS: 50
2025-10-01 19:09:53,175 - EEG_AD_Detection - INFO - logger.py:150 -   K_FOLDS: 5
2025-10-01 19:09:53,175 - EEG_AD_Detection - INFO - logger.py:150 -   PATIENCE: 10
2025-10-01 19:09:53,175 - EEG_AD_Detection - INFO - logger.py:150 -   WEIGHT_DECAY: 0.0001
2025-10-01 19:09:53,175 - EEG_AD_Detection - INFO - logger.py:150 -   BALANCING_STRATEGY: smote
2025-10-01 19:09:53,175 - EEG_AD_Detection - INFO - logger.py:152 - ============================================================
2025-10-01 19:09:53,176 - EEG_AD_Detection - INFO - best_eeg.py:403 - Starting dataset loading from: C:\Users\tahle\OneDrive\Documents\SRM\AD project\EEG_data
2025-10-01 19:09:53,178 - EEG_AD_Detection - INFO - best_eeg.py:429 - Loading AD subjects...
2025-10-01 19:09:53,179 - EEG_AD_Detection - INFO - best_eeg.py:446 - Found 80 AD patients in Eyes_closed
2025-10-01 19:09:57,399 - EEG_AD_Detection - INFO - best_eeg.py:446 - Found 80 AD patients in Eyes_open
2025-10-01 19:09:59,631 - EEG_AD_Detection - INFO - best_eeg.py:487 - Loading Healthy subjects...
2025-10-01 19:09:59,631 - EEG_AD_Detection - INFO - best_eeg.py:504 - Found 12 Healthy patients in Eyes_closed
2025-10-01 19:09:59,953 - EEG_AD_Detection - INFO - best_eeg.py:504 - Found 12 Healthy patients in Eyes_open
2025-10-01 19:10:00,246 - EEG_AD_Detection - WARNING - best_eeg.py:543 - Failed to process 184 subjects:
2025-10-01 19:10:00,246 - EEG_AD_Detection - WARNING - best_eeg.py:545 -   AD_Paciente1_Eyes_closed: Insufficient features (0 epochs)
2025-10-01 19:10:00,246 - EEG_AD_Detection - WARNING - best_eeg.py:545 -   AD_Paciente10_Eyes_closed: Insufficient features (0 epochs)
2025-10-01 19:10:00,248 - EEG_AD_Detection - WARNING - best_eeg.py:545 -   AD_Paciente11_Eyes_closed: Insufficient features (0 epochs)
2025-10-01 19:10:00,248 - EEG_AD_Detection - WARNING - best_eeg.py:545 -   AD_Paciente12_Eyes_closed: Insufficient features (0 epochs)
2025-10-01 19:10:00,248 - EEG_AD_Detection - WARNING - best_eeg.py:545 -   AD_Paciente13_Eyes_closed: Insufficient features (0 epochs)
2025-10-01 19:10:00,248 - EEG_AD_Detection - WARNING - best_eeg.py:545 -   AD_Paciente14_Eyes_closed: Insufficient features (0 epochs)
2025-10-01 19:10:00,249 - EEG_AD_Detection - WARNING - best_eeg.py:545 -   AD_Paciente15_Eyes_closed: Insufficient features (0 epochs)
2025-10-01 19:10:00,249 - EEG_AD_Detection - WARNING - best_eeg.py:545 -   AD_Paciente16_Eyes_closed: Insufficient features (0 epochs)
2025-10-01 19:10:00,249 - EEG_AD_Detection - WARNING - best_eeg.py:545 -   AD_Paciente17_Eyes_closed: Insufficient features (0 epochs)
2025-10-01 19:10:00,249 - EEG_AD_Detection - WARNING - best_eeg.py:545 -   AD_Paciente18_Eyes_closed: Insufficient features (0 epochs)
2025-10-01 19:10:00,249 - EEG_AD_Detection - WARNING - best_eeg.py:547 -   ... and 174 more
2025-10-01 19:10:00,249 - EEG_AD_Detection - ERROR - best_eeg.py:551 - No valid data found.
